<?xml version="1.0" encoding="UTF-8"?>
<!-- Generated by org.testng.reporters.JUnitReportReporter -->
<testsuite hostname="700bikedeMacBook-Air.local" name="lesson1.testBaidu" tests="1" failures="0" timestamp="16 Jan 2016 07:10:20 GMT" time="8.877" errors="0">
  <testcase name="demo" time="8.877" classname="lesson1.testBaidu"/>
</testsuite> <!-- lesson1.testBaidu -->
