<?xml version="1.0" encoding="UTF-8"?>
<!-- Generated by org.testng.reporters.JUnitReportReporter -->
<testsuite hostname="700bikedeMacBook-Air.local" name="lesson2.TestngAnnotation" tests="2" failures="0" timestamp="18 Jan 2016 02:45:02 GMT" time="0.003" errors="0">
  <testcase name="testCase2" time="0.001" classname="lesson2.TestngAnnotation"/>
  <testcase name="testCase1" time="0.002" classname="lesson2.TestngAnnotation"/>
</testsuite> <!-- lesson2.TestngAnnotation -->
