<?xml version="1.0" encoding="UTF-8"?>
<!-- Generated by org.testng.reporters.JUnitReportReporter -->
<testsuite hostname="localhost" name="lesson11.tabletest" tests="1" failures="0" timestamp="25 Jan 2016 08:26:11 GMT" time="0.335" errors="0">
  <testcase name="tableTest" time="0.335" classname="lesson11.tabletest"/>
</testsuite> <!-- lesson11.tabletest -->
