<?xml version="1.0" encoding="UTF-8"?>
<!-- Generated by org.testng.reporters.JUnitReportReporter -->
<testsuite hostname="localhost" name="lesson4.SampleTest" tests="1" failures="0" timestamp="18 Jan 2016 07:40:09 GMT" time="0.033" errors="0">
  <testcase name="testPrintMessage" time="0.033" classname="lesson4.SampleTest"/>
</testsuite> <!-- lesson4.SampleTest -->
