<?xml version="1.0" encoding="UTF-8"?>
<!-- Generated by org.testng.reporters.JUnitReportReporter -->
<testsuite hostname="700bikedeMacBook-Air.local" name="lesson3.TestHelloWorldTestNG" tests="1" failures="0" timestamp="17 Jan 2016 11:13:36 GMT" time="6.133" errors="0">
  <testcase name="helloWorld" time="6.133" classname="lesson3.TestHelloWorldTestNG"/>
</testsuite> <!-- lesson3.TestHelloWorldTestNG -->
