<?xml version="1.0" encoding="UTF-8"?>
<!-- Generated by org.testng.reporters.JUnitReportReporter -->
<testsuite hostname="700bikedeMacBook-Air.local" name="lesson2.ExceptionTest" tests="1" failures="0" timestamp="18 Jan 2016 02:45:02 GMT" time="0.000" errors="0">
  <testcase name="testException" time="0.000" classname="lesson2.ExceptionTest"/>
</testsuite> <!-- lesson2.ExceptionTest -->
