<?xml version="1.0" encoding="UTF-8"?>
<!-- Generated by org.testng.reporters.JUnitReportReporter -->
<testsuite hostname="700bikedeMacBook-Air.local" name="lesson2.TestNGlearn01" tests="1" failures="0" timestamp="18 Jan 2016 02:45:02 GMT" time="0.001" errors="0">
  <testcase name="TestNgLearn" time="0.001" classname="lesson2.TestNGlearn01"/>
</testsuite> <!-- lesson2.TestNGlearn01 -->
