<?xml version="1.0" encoding="UTF-8"?>
<!-- Generated by org.testng.reporters.JUnitReportReporter -->
<testsuite hostname="localhost" name="lesson12.Table" tests="1" failures="0" timestamp="26 Jan 2016 05:49:54 GMT" time="7.067" errors="0">
  <testcase name="Tabletest" time="7.067" classname="lesson12.Table"/>
</testsuite> <!-- lesson12.Table -->
