<?xml version="1.0" encoding="UTF-8"?>
<!-- Generated by org.testng.reporters.JUnitReportReporter -->
<testsuite hostname="localhost" name="lesson5.Test1" tests="1" failures="0" timestamp="18 Jan 2016 08:53:44 GMT" time="0.030" errors="0">
  <testcase name="testPrintMessage" time="0.030" classname="lesson5.Test1"/>
</testsuite> <!-- lesson5.Test1 -->
