<?xml version="1.0" encoding="UTF-8"?>
<!-- Generated by org.testng.reporters.JUnitReportReporter -->
<testsuite hostname="localhost" name="lesson2.GroupTest" tests="2" failures="0" timestamp="28 Jan 2016 10:30:06 GMT" time="0.027" errors="0">
  <testcase name="testLogin" time="0.027" classname="lesson2.GroupTest"/>
  <testcase name="testOpenPage" time="0.000" classname="lesson2.GroupTest"/>
</testsuite> <!-- lesson2.GroupTest -->
