<?xml version="1.0" encoding="UTF-8"?>
<!-- Generated by org.testng.reporters.JUnitReportReporter -->
<testsuite hostname="700bikedeMacBook-Air.local" name="lesson2.GroupTest" tests="2" failures="0" timestamp="18 Jan 2016 02:45:02 GMT" time="0.002" errors="0">
  <testcase name="testLogin" time="0.001" classname="lesson2.GroupTest"/>
  <testcase name="testOpenPage" time="0.001" classname="lesson2.GroupTest"/>
</testsuite> <!-- lesson2.GroupTest -->
