<?xml version="1.0" encoding="UTF-8"?>
<!-- Generated by org.testng.reporters.JUnitReportReporter -->
<testsuite hostname="700bikedeMacBook-Air.local" name="lesson2.StringUtilsTest" tests="2" failures="0" timestamp="18 Jan 2016 02:45:02 GMT" time="0.017" errors="0">
  <testcase name="isEmpty" time="0.016" classname="lesson2.StringUtilsTest"/>
  <testcase name="trim" time="0.001" classname="lesson2.StringUtilsTest"/>
</testsuite> <!-- lesson2.StringUtilsTest -->
