<?xml version="1.0" encoding="UTF-8"?>
<!-- Generated by org.testng.reporters.JUnitReportReporter -->
<testsuite hostname="700bikedeMacBook-Air.local" name="lesson2.ExceptionTest" tests="1" failures="0" timestamp="16 Jan 2016 07:52:20 GMT" time="0.002" errors="0">
  <testcase name="testException" time="0.002" classname="lesson2.ExceptionTest"/>
</testsuite> <!-- lesson2.ExceptionTest -->
